[2024-12-10T01:16:07.463+0000] {local_task_job_runner.py:123} INFO - ::group::Pre task execution logs
[2024-12-10T01:16:07.493+0000] {taskinstance.py:2613} INFO - Dependencies all met for dep_context=non-requeueable deps ti=<TaskInstance: doc_processing_embedding_dag.check_collection_task manual__2024-12-10T01:16:04.317705+00:00 [queued]>
[2024-12-10T01:16:07.500+0000] {taskinstance.py:2613} INFO - Dependencies all met for dep_context=requeueable deps ti=<TaskInstance: doc_processing_embedding_dag.check_collection_task manual__2024-12-10T01:16:04.317705+00:00 [queued]>
[2024-12-10T01:16:07.501+0000] {taskinstance.py:2866} INFO - Starting attempt 1 of 1
[2024-12-10T01:16:07.511+0000] {taskinstance.py:2889} INFO - Executing <Task(_BranchPythonDecoratedOperator): check_collection_task> on 2024-12-10 01:16:04.317705+00:00
[2024-12-10T01:16:07.518+0000] {logging_mixin.py:190} WARNING - /home/***/.local/lib/python3.12/site-packages/***/task/task_runner/standard_task_runner.py:70 DeprecationWarning: This process (pid=172) is multi-threaded, use of fork() may lead to deadlocks in the child.
[2024-12-10T01:16:07.519+0000] {standard_task_runner.py:72} INFO - Started process 173 to run task
[2024-12-10T01:16:07.520+0000] {standard_task_runner.py:104} INFO - Running: ['***', 'tasks', 'run', 'doc_processing_embedding_dag', 'check_collection_task', 'manual__2024-12-10T01:16:04.317705+00:00', '--job-id', '61', '--raw', '--subdir', 'DAGS_FOLDER/doc_processing_embedding_dag.py', '--cfg-path', '/tmp/tmpvgabvvvv']
[2024-12-10T01:16:07.522+0000] {standard_task_runner.py:105} INFO - Job 61: Subtask check_collection_task
[2024-12-10T01:16:07.544+0000] {logging_mixin.py:190} WARNING - /home/***/.local/lib/python3.12/site-packages/***/settings.py:209 DeprecationWarning: The sql_alchemy_conn option in [core] has been moved to the sql_alchemy_conn option in [database] - the old setting has been used, but please update your config.
[2024-12-10T01:16:07.611+0000] {task_command.py:467} INFO - Running <TaskInstance: doc_processing_embedding_dag.check_collection_task manual__2024-12-10T01:16:04.317705+00:00 [running]> on host 93e18d4e5496
[2024-12-10T01:16:07.785+0000] {taskinstance.py:3132} INFO - Exporting env vars: AIRFLOW_CTX_DAG_OWNER='***' AIRFLOW_CTX_DAG_ID='doc_processing_embedding_dag' AIRFLOW_CTX_TASK_ID='check_collection_task' AIRFLOW_CTX_EXECUTION_DATE='2024-12-10T01:16:04.317705+00:00' AIRFLOW_CTX_TRY_NUMBER='1' AIRFLOW_CTX_DAG_RUN_ID='manual__2024-12-10T01:16:04.317705+00:00'
[2024-12-10T01:16:07.788+0000] {taskinstance.py:731} INFO - ::endgroup::
[2024-12-10T01:16:08.068+0000] {python.py:240} INFO - Done. Returned value was: create_class
[2024-12-10T01:16:08.069+0000] {branch.py:38} INFO - Branch into create_class
[2024-12-10T01:16:08.069+0000] {skipmixin.py:230} INFO - Following branch ('create_class',)
[2024-12-10T01:16:08.093+0000] {skipmixin.py:278} INFO - Skipping tasks [('class_already_exists', -1)]
[2024-12-10T01:16:08.169+0000] {taskinstance.py:340} INFO - ::group::Post task execution logs
[2024-12-10T01:16:08.170+0000] {taskinstance.py:352} INFO - Marking task as SUCCESS. dag_id=doc_processing_embedding_dag, task_id=check_collection_task, run_id=manual__2024-12-10T01:16:04.317705+00:00, execution_date=20241210T011604, start_date=20241210T011607, end_date=20241210T011608
[2024-12-10T01:16:08.219+0000] {local_task_job_runner.py:266} INFO - Task exited with return code 0
[2024-12-10T01:16:08.330+0000] {taskinstance.py:3895} INFO - 1 downstream tasks scheduled from follow-on schedule check
[2024-12-10T01:16:08.332+0000] {local_task_job_runner.py:245} INFO - ::endgroup::
