[2024-12-10T02:41:46.661+0000] {local_task_job_runner.py:123} INFO - ::group::Pre task execution logs
[2024-12-10T02:41:46.689+0000] {taskinstance.py:2613} INFO - Dependencies all met for dep_context=non-requeueable deps ti=<TaskInstance: doc_processing_embedding_dag.check_collection_task manual__2024-12-10T02:41:43.696650+00:00 [queued]>
[2024-12-10T02:41:46.696+0000] {taskinstance.py:2613} INFO - Dependencies all met for dep_context=requeueable deps ti=<TaskInstance: doc_processing_embedding_dag.check_collection_task manual__2024-12-10T02:41:43.696650+00:00 [queued]>
[2024-12-10T02:41:46.697+0000] {taskinstance.py:2866} INFO - Starting attempt 1 of 1
[2024-12-10T02:41:46.709+0000] {taskinstance.py:2889} INFO - Executing <Task(_BranchPythonDecoratedOperator): check_collection_task> on 2024-12-10 02:41:43.696650+00:00
[2024-12-10T02:41:46.715+0000] {logging_mixin.py:190} WARNING - /home/***/.local/lib/python3.12/site-packages/***/task/task_runner/standard_task_runner.py:70 DeprecationWarning: This process (pid=176) is multi-threaded, use of fork() may lead to deadlocks in the child.
[2024-12-10T02:41:46.716+0000] {standard_task_runner.py:72} INFO - Started process 177 to run task
[2024-12-10T02:41:46.715+0000] {standard_task_runner.py:104} INFO - Running: ['***', 'tasks', 'run', 'doc_processing_embedding_dag', 'check_collection_task', 'manual__2024-12-10T02:41:43.696650+00:00', '--job-id', '67', '--raw', '--subdir', 'DAGS_FOLDER/doc_processing_embedding_dag.py', '--cfg-path', '/tmp/tmpzjuly38t']
[2024-12-10T02:41:46.718+0000] {standard_task_runner.py:105} INFO - Job 67: Subtask check_collection_task
[2024-12-10T02:41:46.736+0000] {logging_mixin.py:190} WARNING - /home/***/.local/lib/python3.12/site-packages/***/settings.py:209 DeprecationWarning: The sql_alchemy_conn option in [core] has been moved to the sql_alchemy_conn option in [database] - the old setting has been used, but please update your config.
[2024-12-10T02:41:46.797+0000] {task_command.py:467} INFO - Running <TaskInstance: doc_processing_embedding_dag.check_collection_task manual__2024-12-10T02:41:43.696650+00:00 [running]> on host 23c80235c305
[2024-12-10T02:41:47.047+0000] {taskinstance.py:3132} INFO - Exporting env vars: AIRFLOW_CTX_DAG_OWNER='***' AIRFLOW_CTX_DAG_ID='doc_processing_embedding_dag' AIRFLOW_CTX_TASK_ID='check_collection_task' AIRFLOW_CTX_EXECUTION_DATE='2024-12-10T02:41:43.696650+00:00' AIRFLOW_CTX_TRY_NUMBER='1' AIRFLOW_CTX_DAG_RUN_ID='manual__2024-12-10T02:41:43.696650+00:00'
[2024-12-10T02:41:47.048+0000] {taskinstance.py:731} INFO - ::endgroup::
[2024-12-10T02:41:47.161+0000] {python.py:240} INFO - Done. Returned value was: create_class
[2024-12-10T02:41:47.163+0000] {branch.py:38} INFO - Branch into create_class
[2024-12-10T02:41:47.163+0000] {skipmixin.py:230} INFO - Following branch ('create_class',)
[2024-12-10T02:41:47.186+0000] {skipmixin.py:278} INFO - Skipping tasks [('class_already_exists', -1)]
[2024-12-10T02:41:47.244+0000] {taskinstance.py:340} INFO - ::group::Post task execution logs
[2024-12-10T02:41:47.244+0000] {taskinstance.py:352} INFO - Marking task as SUCCESS. dag_id=doc_processing_embedding_dag, task_id=check_collection_task, run_id=manual__2024-12-10T02:41:43.696650+00:00, execution_date=20241210T024143, start_date=20241210T024146, end_date=20241210T024147
[2024-12-10T02:41:47.294+0000] {local_task_job_runner.py:266} INFO - Task exited with return code 0
[2024-12-10T02:41:47.407+0000] {taskinstance.py:3895} INFO - 1 downstream tasks scheduled from follow-on schedule check
[2024-12-10T02:41:47.410+0000] {local_task_job_runner.py:245} INFO - ::endgroup::
