[2024-12-10T01:01:14.367+0000] {processor.py:186} INFO - Started process (PID=163) to work on /opt/airflow/dags/doc_processing_embedding_dag.py
[2024-12-10T01:01:14.368+0000] {processor.py:914} INFO - Processing file /opt/airflow/dags/doc_processing_embedding_dag.py for tasks to queue
[2024-12-10T01:01:14.371+0000] {logging_mixin.py:190} INFO - [2024-12-10T01:01:14.370+0000] {dagbag.py:588} INFO - Filling up the DagBag from /opt/airflow/dags/doc_processing_embedding_dag.py
[2024-12-10T01:01:15.153+0000] {processor.py:925} INFO - DAG(s) 'doc_processing_embedding_dag' retrieved from /opt/airflow/dags/doc_processing_embedding_dag.py
[2024-12-10T01:01:15.192+0000] {logging_mixin.py:190} INFO - [2024-12-10T01:01:15.192+0000] {dag.py:3239} INFO - Sync 1 DAGs
[2024-12-10T01:01:15.219+0000] {logging_mixin.py:190} INFO - [2024-12-10T01:01:15.219+0000] {dag.py:4180} INFO - Setting next_dagrun for doc_processing_embedding_dag to None, run_after=None
[2024-12-10T01:01:15.239+0000] {processor.py:208} INFO - Processing /opt/airflow/dags/doc_processing_embedding_dag.py took 0.876 seconds
[2024-12-10T01:01:45.475+0000] {processor.py:186} INFO - Started process (PID=187) to work on /opt/airflow/dags/doc_processing_embedding_dag.py
[2024-12-10T01:01:45.476+0000] {processor.py:914} INFO - Processing file /opt/airflow/dags/doc_processing_embedding_dag.py for tasks to queue
[2024-12-10T01:01:45.478+0000] {logging_mixin.py:190} INFO - [2024-12-10T01:01:45.478+0000] {dagbag.py:588} INFO - Filling up the DagBag from /opt/airflow/dags/doc_processing_embedding_dag.py
[2024-12-10T01:01:46.011+0000] {processor.py:925} INFO - DAG(s) 'doc_processing_embedding_dag' retrieved from /opt/airflow/dags/doc_processing_embedding_dag.py
[2024-12-10T01:01:46.040+0000] {logging_mixin.py:190} INFO - [2024-12-10T01:01:46.039+0000] {dag.py:3239} INFO - Sync 1 DAGs
[2024-12-10T01:01:46.058+0000] {logging_mixin.py:190} INFO - [2024-12-10T01:01:46.057+0000] {dag.py:4180} INFO - Setting next_dagrun for doc_processing_embedding_dag to None, run_after=None
[2024-12-10T01:01:46.076+0000] {processor.py:208} INFO - Processing /opt/airflow/dags/doc_processing_embedding_dag.py took 0.605 seconds
[2024-12-10T01:02:22.972+0000] {processor.py:186} INFO - Started process (PID=163) to work on /opt/airflow/dags/doc_processing_embedding_dag.py
[2024-12-10T01:02:22.973+0000] {processor.py:914} INFO - Processing file /opt/airflow/dags/doc_processing_embedding_dag.py for tasks to queue
[2024-12-10T01:02:22.975+0000] {logging_mixin.py:190} INFO - [2024-12-10T01:02:22.975+0000] {dagbag.py:588} INFO - Filling up the DagBag from /opt/airflow/dags/doc_processing_embedding_dag.py
[2024-12-10T01:02:23.816+0000] {processor.py:925} INFO - DAG(s) 'doc_processing_embedding_dag' retrieved from /opt/airflow/dags/doc_processing_embedding_dag.py
[2024-12-10T01:02:23.851+0000] {logging_mixin.py:190} INFO - [2024-12-10T01:02:23.851+0000] {dag.py:3239} INFO - Sync 1 DAGs
[2024-12-10T01:02:23.876+0000] {logging_mixin.py:190} INFO - [2024-12-10T01:02:23.876+0000] {dag.py:4180} INFO - Setting next_dagrun for doc_processing_embedding_dag to None, run_after=None
[2024-12-10T01:02:23.897+0000] {processor.py:208} INFO - Processing /opt/airflow/dags/doc_processing_embedding_dag.py took 0.929 seconds
[2024-12-10T01:02:54.257+0000] {processor.py:186} INFO - Started process (PID=168) to work on /opt/airflow/dags/doc_processing_embedding_dag.py
[2024-12-10T01:02:54.259+0000] {processor.py:914} INFO - Processing file /opt/airflow/dags/doc_processing_embedding_dag.py for tasks to queue
[2024-12-10T01:02:54.262+0000] {logging_mixin.py:190} INFO - [2024-12-10T01:02:54.262+0000] {dagbag.py:588} INFO - Filling up the DagBag from /opt/airflow/dags/doc_processing_embedding_dag.py
[2024-12-10T01:02:54.809+0000] {processor.py:925} INFO - DAG(s) 'doc_processing_embedding_dag' retrieved from /opt/airflow/dags/doc_processing_embedding_dag.py
[2024-12-10T01:02:54.841+0000] {logging_mixin.py:190} INFO - [2024-12-10T01:02:54.841+0000] {dag.py:3239} INFO - Sync 1 DAGs
[2024-12-10T01:02:54.865+0000] {logging_mixin.py:190} INFO - [2024-12-10T01:02:54.865+0000] {dag.py:4180} INFO - Setting next_dagrun for doc_processing_embedding_dag to None, run_after=None
[2024-12-10T01:02:54.891+0000] {processor.py:208} INFO - Processing /opt/airflow/dags/doc_processing_embedding_dag.py took 0.640 seconds
[2024-12-10T01:03:25.327+0000] {processor.py:186} INFO - Started process (PID=173) to work on /opt/airflow/dags/doc_processing_embedding_dag.py
[2024-12-10T01:03:25.329+0000] {processor.py:914} INFO - Processing file /opt/airflow/dags/doc_processing_embedding_dag.py for tasks to queue
[2024-12-10T01:03:25.332+0000] {logging_mixin.py:190} INFO - [2024-12-10T01:03:25.332+0000] {dagbag.py:588} INFO - Filling up the DagBag from /opt/airflow/dags/doc_processing_embedding_dag.py
[2024-12-10T01:03:25.873+0000] {processor.py:925} INFO - DAG(s) 'doc_processing_embedding_dag' retrieved from /opt/airflow/dags/doc_processing_embedding_dag.py
[2024-12-10T01:03:25.904+0000] {logging_mixin.py:190} INFO - [2024-12-10T01:03:25.904+0000] {dag.py:3239} INFO - Sync 1 DAGs
[2024-12-10T01:03:25.920+0000] {logging_mixin.py:190} INFO - [2024-12-10T01:03:25.920+0000] {dag.py:4180} INFO - Setting next_dagrun for doc_processing_embedding_dag to None, run_after=None
[2024-12-10T01:03:25.939+0000] {processor.py:208} INFO - Processing /opt/airflow/dags/doc_processing_embedding_dag.py took 0.619 seconds
[2024-12-10T01:03:56.350+0000] {processor.py:186} INFO - Started process (PID=178) to work on /opt/airflow/dags/doc_processing_embedding_dag.py
[2024-12-10T01:03:56.353+0000] {processor.py:914} INFO - Processing file /opt/airflow/dags/doc_processing_embedding_dag.py for tasks to queue
[2024-12-10T01:03:56.356+0000] {logging_mixin.py:190} INFO - [2024-12-10T01:03:56.356+0000] {dagbag.py:588} INFO - Filling up the DagBag from /opt/airflow/dags/doc_processing_embedding_dag.py
[2024-12-10T01:03:56.904+0000] {processor.py:925} INFO - DAG(s) 'doc_processing_embedding_dag' retrieved from /opt/airflow/dags/doc_processing_embedding_dag.py
[2024-12-10T01:03:56.936+0000] {logging_mixin.py:190} INFO - [2024-12-10T01:03:56.936+0000] {dag.py:3239} INFO - Sync 1 DAGs
[2024-12-10T01:03:56.959+0000] {logging_mixin.py:190} INFO - [2024-12-10T01:03:56.959+0000] {dag.py:4180} INFO - Setting next_dagrun for doc_processing_embedding_dag to None, run_after=None
[2024-12-10T01:03:56.981+0000] {processor.py:208} INFO - Processing /opt/airflow/dags/doc_processing_embedding_dag.py took 0.638 seconds
[2024-12-10T01:04:27.217+0000] {processor.py:186} INFO - Started process (PID=183) to work on /opt/airflow/dags/doc_processing_embedding_dag.py
[2024-12-10T01:04:27.219+0000] {processor.py:914} INFO - Processing file /opt/airflow/dags/doc_processing_embedding_dag.py for tasks to queue
[2024-12-10T01:04:27.221+0000] {logging_mixin.py:190} INFO - [2024-12-10T01:04:27.221+0000] {dagbag.py:588} INFO - Filling up the DagBag from /opt/airflow/dags/doc_processing_embedding_dag.py
[2024-12-10T01:04:27.731+0000] {processor.py:925} INFO - DAG(s) 'doc_processing_embedding_dag' retrieved from /opt/airflow/dags/doc_processing_embedding_dag.py
[2024-12-10T01:04:27.761+0000] {logging_mixin.py:190} INFO - [2024-12-10T01:04:27.761+0000] {dag.py:3239} INFO - Sync 1 DAGs
[2024-12-10T01:04:27.778+0000] {logging_mixin.py:190} INFO - [2024-12-10T01:04:27.778+0000] {dag.py:4180} INFO - Setting next_dagrun for doc_processing_embedding_dag to None, run_after=None
[2024-12-10T01:04:27.798+0000] {processor.py:208} INFO - Processing /opt/airflow/dags/doc_processing_embedding_dag.py took 0.585 seconds
[2024-12-10T01:05:00.103+0000] {processor.py:186} INFO - Started process (PID=163) to work on /opt/airflow/dags/doc_processing_embedding_dag.py
[2024-12-10T01:05:00.104+0000] {processor.py:914} INFO - Processing file /opt/airflow/dags/doc_processing_embedding_dag.py for tasks to queue
[2024-12-10T01:05:00.106+0000] {logging_mixin.py:190} INFO - [2024-12-10T01:05:00.106+0000] {dagbag.py:588} INFO - Filling up the DagBag from /opt/airflow/dags/doc_processing_embedding_dag.py
[2024-12-10T01:05:00.931+0000] {processor.py:925} INFO - DAG(s) 'doc_processing_embedding_dag' retrieved from /opt/airflow/dags/doc_processing_embedding_dag.py
[2024-12-10T01:05:00.975+0000] {logging_mixin.py:190} INFO - [2024-12-10T01:05:00.975+0000] {dag.py:3239} INFO - Sync 1 DAGs
[2024-12-10T01:05:01.007+0000] {logging_mixin.py:190} INFO - [2024-12-10T01:05:01.007+0000] {dag.py:4180} INFO - Setting next_dagrun for doc_processing_embedding_dag to None, run_after=None
[2024-12-10T01:05:01.035+0000] {processor.py:208} INFO - Processing /opt/airflow/dags/doc_processing_embedding_dag.py took 0.938 seconds
[2024-12-10T01:05:31.294+0000] {processor.py:186} INFO - Started process (PID=187) to work on /opt/airflow/dags/doc_processing_embedding_dag.py
[2024-12-10T01:05:31.296+0000] {processor.py:914} INFO - Processing file /opt/airflow/dags/doc_processing_embedding_dag.py for tasks to queue
[2024-12-10T01:05:31.300+0000] {logging_mixin.py:190} INFO - [2024-12-10T01:05:31.300+0000] {dagbag.py:588} INFO - Filling up the DagBag from /opt/airflow/dags/doc_processing_embedding_dag.py
[2024-12-10T01:05:31.872+0000] {processor.py:925} INFO - DAG(s) 'doc_processing_embedding_dag' retrieved from /opt/airflow/dags/doc_processing_embedding_dag.py
[2024-12-10T01:05:31.899+0000] {logging_mixin.py:190} INFO - [2024-12-10T01:05:31.898+0000] {dag.py:3239} INFO - Sync 1 DAGs
[2024-12-10T01:05:31.918+0000] {logging_mixin.py:190} INFO - [2024-12-10T01:05:31.917+0000] {dag.py:4180} INFO - Setting next_dagrun for doc_processing_embedding_dag to None, run_after=None
[2024-12-10T01:05:31.938+0000] {processor.py:208} INFO - Processing /opt/airflow/dags/doc_processing_embedding_dag.py took 0.650 seconds
[2024-12-10T01:06:02.359+0000] {processor.py:186} INFO - Started process (PID=192) to work on /opt/airflow/dags/doc_processing_embedding_dag.py
[2024-12-10T01:06:02.361+0000] {processor.py:914} INFO - Processing file /opt/airflow/dags/doc_processing_embedding_dag.py for tasks to queue
[2024-12-10T01:06:02.363+0000] {logging_mixin.py:190} INFO - [2024-12-10T01:06:02.363+0000] {dagbag.py:588} INFO - Filling up the DagBag from /opt/airflow/dags/doc_processing_embedding_dag.py
[2024-12-10T01:06:02.918+0000] {processor.py:925} INFO - DAG(s) 'doc_processing_embedding_dag' retrieved from /opt/airflow/dags/doc_processing_embedding_dag.py
[2024-12-10T01:06:02.950+0000] {logging_mixin.py:190} INFO - [2024-12-10T01:06:02.950+0000] {dag.py:3239} INFO - Sync 1 DAGs
[2024-12-10T01:06:02.966+0000] {logging_mixin.py:190} INFO - [2024-12-10T01:06:02.966+0000] {dag.py:4180} INFO - Setting next_dagrun for doc_processing_embedding_dag to None, run_after=None
[2024-12-10T01:06:02.985+0000] {processor.py:208} INFO - Processing /opt/airflow/dags/doc_processing_embedding_dag.py took 0.633 seconds
[2024-12-10T01:06:33.399+0000] {processor.py:186} INFO - Started process (PID=197) to work on /opt/airflow/dags/doc_processing_embedding_dag.py
[2024-12-10T01:06:33.401+0000] {processor.py:914} INFO - Processing file /opt/airflow/dags/doc_processing_embedding_dag.py for tasks to queue
[2024-12-10T01:06:33.404+0000] {logging_mixin.py:190} INFO - [2024-12-10T01:06:33.404+0000] {dagbag.py:588} INFO - Filling up the DagBag from /opt/airflow/dags/doc_processing_embedding_dag.py
[2024-12-10T01:06:33.937+0000] {processor.py:925} INFO - DAG(s) 'doc_processing_embedding_dag' retrieved from /opt/airflow/dags/doc_processing_embedding_dag.py
[2024-12-10T01:06:33.964+0000] {logging_mixin.py:190} INFO - [2024-12-10T01:06:33.964+0000] {dag.py:3239} INFO - Sync 1 DAGs
[2024-12-10T01:06:33.982+0000] {logging_mixin.py:190} INFO - [2024-12-10T01:06:33.981+0000] {dag.py:4180} INFO - Setting next_dagrun for doc_processing_embedding_dag to None, run_after=None
[2024-12-10T01:06:34.000+0000] {processor.py:208} INFO - Processing /opt/airflow/dags/doc_processing_embedding_dag.py took 0.608 seconds
[2024-12-10T01:07:04.300+0000] {processor.py:186} INFO - Started process (PID=202) to work on /opt/airflow/dags/doc_processing_embedding_dag.py
[2024-12-10T01:07:04.301+0000] {processor.py:914} INFO - Processing file /opt/airflow/dags/doc_processing_embedding_dag.py for tasks to queue
[2024-12-10T01:07:04.303+0000] {logging_mixin.py:190} INFO - [2024-12-10T01:07:04.303+0000] {dagbag.py:588} INFO - Filling up the DagBag from /opt/airflow/dags/doc_processing_embedding_dag.py
[2024-12-10T01:07:04.795+0000] {processor.py:925} INFO - DAG(s) 'doc_processing_embedding_dag' retrieved from /opt/airflow/dags/doc_processing_embedding_dag.py
[2024-12-10T01:07:04.822+0000] {logging_mixin.py:190} INFO - [2024-12-10T01:07:04.822+0000] {dag.py:3239} INFO - Sync 1 DAGs
[2024-12-10T01:07:04.839+0000] {logging_mixin.py:190} INFO - [2024-12-10T01:07:04.839+0000] {dag.py:4180} INFO - Setting next_dagrun for doc_processing_embedding_dag to None, run_after=None
[2024-12-10T01:07:04.859+0000] {processor.py:208} INFO - Processing /opt/airflow/dags/doc_processing_embedding_dag.py took 0.563 seconds
[2024-12-10T01:07:35.270+0000] {processor.py:186} INFO - Started process (PID=207) to work on /opt/airflow/dags/doc_processing_embedding_dag.py
[2024-12-10T01:07:35.274+0000] {processor.py:914} INFO - Processing file /opt/airflow/dags/doc_processing_embedding_dag.py for tasks to queue
[2024-12-10T01:07:35.277+0000] {logging_mixin.py:190} INFO - [2024-12-10T01:07:35.277+0000] {dagbag.py:588} INFO - Filling up the DagBag from /opt/airflow/dags/doc_processing_embedding_dag.py
[2024-12-10T01:07:35.761+0000] {processor.py:925} INFO - DAG(s) 'doc_processing_embedding_dag' retrieved from /opt/airflow/dags/doc_processing_embedding_dag.py
[2024-12-10T01:07:35.789+0000] {logging_mixin.py:190} INFO - [2024-12-10T01:07:35.788+0000] {dag.py:3239} INFO - Sync 1 DAGs
[2024-12-10T01:07:35.886+0000] {logging_mixin.py:190} INFO - [2024-12-10T01:07:35.886+0000] {dag.py:4180} INFO - Setting next_dagrun for doc_processing_embedding_dag to None, run_after=None
[2024-12-10T01:07:35.907+0000] {processor.py:208} INFO - Processing /opt/airflow/dags/doc_processing_embedding_dag.py took 0.645 seconds
[2024-12-10T01:08:06.338+0000] {processor.py:186} INFO - Started process (PID=212) to work on /opt/airflow/dags/doc_processing_embedding_dag.py
[2024-12-10T01:08:06.340+0000] {processor.py:914} INFO - Processing file /opt/airflow/dags/doc_processing_embedding_dag.py for tasks to queue
[2024-12-10T01:08:06.344+0000] {logging_mixin.py:190} INFO - [2024-12-10T01:08:06.344+0000] {dagbag.py:588} INFO - Filling up the DagBag from /opt/airflow/dags/doc_processing_embedding_dag.py
[2024-12-10T01:08:06.824+0000] {processor.py:925} INFO - DAG(s) 'doc_processing_embedding_dag' retrieved from /opt/airflow/dags/doc_processing_embedding_dag.py
[2024-12-10T01:08:06.932+0000] {logging_mixin.py:190} INFO - [2024-12-10T01:08:06.931+0000] {dag.py:3239} INFO - Sync 1 DAGs
[2024-12-10T01:08:06.950+0000] {logging_mixin.py:190} INFO - [2024-12-10T01:08:06.950+0000] {dag.py:4180} INFO - Setting next_dagrun for doc_processing_embedding_dag to None, run_after=None
[2024-12-10T01:08:06.969+0000] {processor.py:208} INFO - Processing /opt/airflow/dags/doc_processing_embedding_dag.py took 0.638 seconds
[2024-12-10T01:08:37.318+0000] {processor.py:186} INFO - Started process (PID=217) to work on /opt/airflow/dags/doc_processing_embedding_dag.py
[2024-12-10T01:08:37.320+0000] {processor.py:914} INFO - Processing file /opt/airflow/dags/doc_processing_embedding_dag.py for tasks to queue
[2024-12-10T01:08:37.324+0000] {logging_mixin.py:190} INFO - [2024-12-10T01:08:37.324+0000] {dagbag.py:588} INFO - Filling up the DagBag from /opt/airflow/dags/doc_processing_embedding_dag.py
[2024-12-10T01:08:37.914+0000] {processor.py:925} INFO - DAG(s) 'doc_processing_embedding_dag' retrieved from /opt/airflow/dags/doc_processing_embedding_dag.py
[2024-12-10T01:08:37.944+0000] {logging_mixin.py:190} INFO - [2024-12-10T01:08:37.944+0000] {dag.py:3239} INFO - Sync 1 DAGs
[2024-12-10T01:08:37.961+0000] {logging_mixin.py:190} INFO - [2024-12-10T01:08:37.961+0000] {dag.py:4180} INFO - Setting next_dagrun for doc_processing_embedding_dag to None, run_after=None
[2024-12-10T01:08:37.979+0000] {processor.py:208} INFO - Processing /opt/airflow/dags/doc_processing_embedding_dag.py took 0.668 seconds
[2024-12-10T01:09:24.241+0000] {processor.py:186} INFO - Started process (PID=163) to work on /opt/airflow/dags/doc_processing_embedding_dag.py
[2024-12-10T01:09:24.242+0000] {processor.py:914} INFO - Processing file /opt/airflow/dags/doc_processing_embedding_dag.py for tasks to queue
[2024-12-10T01:09:24.245+0000] {logging_mixin.py:190} INFO - [2024-12-10T01:09:24.244+0000] {dagbag.py:588} INFO - Filling up the DagBag from /opt/airflow/dags/doc_processing_embedding_dag.py
[2024-12-10T01:09:25.094+0000] {processor.py:925} INFO - DAG(s) 'doc_processing_embedding_dag' retrieved from /opt/airflow/dags/doc_processing_embedding_dag.py
[2024-12-10T01:09:25.131+0000] {logging_mixin.py:190} INFO - [2024-12-10T01:09:25.130+0000] {dag.py:3239} INFO - Sync 1 DAGs
[2024-12-10T01:09:25.157+0000] {logging_mixin.py:190} INFO - [2024-12-10T01:09:25.157+0000] {dag.py:4180} INFO - Setting next_dagrun for doc_processing_embedding_dag to None, run_after=None
[2024-12-10T01:09:25.177+0000] {processor.py:208} INFO - Processing /opt/airflow/dags/doc_processing_embedding_dag.py took 0.940 seconds
[2024-12-10T01:09:55.513+0000] {processor.py:186} INFO - Started process (PID=168) to work on /opt/airflow/dags/doc_processing_embedding_dag.py
[2024-12-10T01:09:55.516+0000] {processor.py:914} INFO - Processing file /opt/airflow/dags/doc_processing_embedding_dag.py for tasks to queue
[2024-12-10T01:09:55.519+0000] {logging_mixin.py:190} INFO - [2024-12-10T01:09:55.519+0000] {dagbag.py:588} INFO - Filling up the DagBag from /opt/airflow/dags/doc_processing_embedding_dag.py
[2024-12-10T01:09:56.055+0000] {processor.py:925} INFO - DAG(s) 'doc_processing_embedding_dag' retrieved from /opt/airflow/dags/doc_processing_embedding_dag.py
[2024-12-10T01:09:56.082+0000] {logging_mixin.py:190} INFO - [2024-12-10T01:09:56.082+0000] {dag.py:3239} INFO - Sync 1 DAGs
[2024-12-10T01:09:56.100+0000] {logging_mixin.py:190} INFO - [2024-12-10T01:09:56.100+0000] {dag.py:4180} INFO - Setting next_dagrun for doc_processing_embedding_dag to None, run_after=None
[2024-12-10T01:09:56.119+0000] {processor.py:208} INFO - Processing /opt/airflow/dags/doc_processing_embedding_dag.py took 0.612 seconds
[2024-12-10T01:10:26.532+0000] {processor.py:186} INFO - Started process (PID=173) to work on /opt/airflow/dags/doc_processing_embedding_dag.py
[2024-12-10T01:10:26.534+0000] {processor.py:914} INFO - Processing file /opt/airflow/dags/doc_processing_embedding_dag.py for tasks to queue
[2024-12-10T01:10:26.537+0000] {logging_mixin.py:190} INFO - [2024-12-10T01:10:26.536+0000] {dagbag.py:588} INFO - Filling up the DagBag from /opt/airflow/dags/doc_processing_embedding_dag.py
[2024-12-10T01:10:27.076+0000] {processor.py:925} INFO - DAG(s) 'doc_processing_embedding_dag' retrieved from /opt/airflow/dags/doc_processing_embedding_dag.py
[2024-12-10T01:10:27.107+0000] {logging_mixin.py:190} INFO - [2024-12-10T01:10:27.107+0000] {dag.py:3239} INFO - Sync 1 DAGs
[2024-12-10T01:10:27.124+0000] {logging_mixin.py:190} INFO - [2024-12-10T01:10:27.124+0000] {dag.py:4180} INFO - Setting next_dagrun for doc_processing_embedding_dag to None, run_after=None
[2024-12-10T01:10:27.142+0000] {processor.py:208} INFO - Processing /opt/airflow/dags/doc_processing_embedding_dag.py took 0.617 seconds
[2024-12-10T01:10:57.271+0000] {processor.py:186} INFO - Started process (PID=178) to work on /opt/airflow/dags/doc_processing_embedding_dag.py
[2024-12-10T01:10:57.274+0000] {processor.py:914} INFO - Processing file /opt/airflow/dags/doc_processing_embedding_dag.py for tasks to queue
[2024-12-10T01:10:57.277+0000] {logging_mixin.py:190} INFO - [2024-12-10T01:10:57.277+0000] {dagbag.py:588} INFO - Filling up the DagBag from /opt/airflow/dags/doc_processing_embedding_dag.py
[2024-12-10T01:10:57.831+0000] {processor.py:925} INFO - DAG(s) 'doc_processing_embedding_dag' retrieved from /opt/airflow/dags/doc_processing_embedding_dag.py
[2024-12-10T01:10:57.858+0000] {logging_mixin.py:190} INFO - [2024-12-10T01:10:57.858+0000] {dag.py:3239} INFO - Sync 1 DAGs
[2024-12-10T01:10:57.875+0000] {logging_mixin.py:190} INFO - [2024-12-10T01:10:57.875+0000] {dag.py:4180} INFO - Setting next_dagrun for doc_processing_embedding_dag to None, run_after=None
[2024-12-10T01:10:57.894+0000] {processor.py:208} INFO - Processing /opt/airflow/dags/doc_processing_embedding_dag.py took 0.629 seconds
[2024-12-10T01:11:28.401+0000] {processor.py:186} INFO - Started process (PID=183) to work on /opt/airflow/dags/doc_processing_embedding_dag.py
[2024-12-10T01:11:28.402+0000] {processor.py:914} INFO - Processing file /opt/airflow/dags/doc_processing_embedding_dag.py for tasks to queue
[2024-12-10T01:11:28.404+0000] {logging_mixin.py:190} INFO - [2024-12-10T01:11:28.404+0000] {dagbag.py:588} INFO - Filling up the DagBag from /opt/airflow/dags/doc_processing_embedding_dag.py
[2024-12-10T01:11:28.874+0000] {processor.py:925} INFO - DAG(s) 'doc_processing_embedding_dag' retrieved from /opt/airflow/dags/doc_processing_embedding_dag.py
[2024-12-10T01:11:28.902+0000] {logging_mixin.py:190} INFO - [2024-12-10T01:11:28.902+0000] {dag.py:3239} INFO - Sync 1 DAGs
[2024-12-10T01:11:28.921+0000] {logging_mixin.py:190} INFO - [2024-12-10T01:11:28.921+0000] {dag.py:4180} INFO - Setting next_dagrun for doc_processing_embedding_dag to None, run_after=None
[2024-12-10T01:11:28.940+0000] {processor.py:208} INFO - Processing /opt/airflow/dags/doc_processing_embedding_dag.py took 0.543 seconds
[2024-12-10T01:11:59.301+0000] {processor.py:186} INFO - Started process (PID=188) to work on /opt/airflow/dags/doc_processing_embedding_dag.py
[2024-12-10T01:11:59.303+0000] {processor.py:914} INFO - Processing file /opt/airflow/dags/doc_processing_embedding_dag.py for tasks to queue
[2024-12-10T01:11:59.306+0000] {logging_mixin.py:190} INFO - [2024-12-10T01:11:59.306+0000] {dagbag.py:588} INFO - Filling up the DagBag from /opt/airflow/dags/doc_processing_embedding_dag.py
[2024-12-10T01:11:59.783+0000] {processor.py:925} INFO - DAG(s) 'doc_processing_embedding_dag' retrieved from /opt/airflow/dags/doc_processing_embedding_dag.py
[2024-12-10T01:11:59.810+0000] {logging_mixin.py:190} INFO - [2024-12-10T01:11:59.810+0000] {dag.py:3239} INFO - Sync 1 DAGs
[2024-12-10T01:11:59.905+0000] {logging_mixin.py:190} INFO - [2024-12-10T01:11:59.905+0000] {dag.py:4180} INFO - Setting next_dagrun for doc_processing_embedding_dag to None, run_after=None
[2024-12-10T01:11:59.925+0000] {processor.py:208} INFO - Processing /opt/airflow/dags/doc_processing_embedding_dag.py took 0.631 seconds
[2024-12-10T01:14:03.355+0000] {processor.py:186} INFO - Started process (PID=164) to work on /opt/airflow/dags/doc_processing_embedding_dag.py
[2024-12-10T01:14:03.357+0000] {processor.py:914} INFO - Processing file /opt/airflow/dags/doc_processing_embedding_dag.py for tasks to queue
[2024-12-10T01:14:03.359+0000] {logging_mixin.py:190} INFO - [2024-12-10T01:14:03.359+0000] {dagbag.py:588} INFO - Filling up the DagBag from /opt/airflow/dags/doc_processing_embedding_dag.py
[2024-12-10T01:14:04.163+0000] {processor.py:925} INFO - DAG(s) 'doc_processing_embedding_dag' retrieved from /opt/airflow/dags/doc_processing_embedding_dag.py
[2024-12-10T01:14:04.197+0000] {logging_mixin.py:190} INFO - [2024-12-10T01:14:04.197+0000] {dag.py:3239} INFO - Sync 1 DAGs
[2024-12-10T01:14:04.224+0000] {logging_mixin.py:190} INFO - [2024-12-10T01:14:04.224+0000] {dag.py:4180} INFO - Setting next_dagrun for doc_processing_embedding_dag to None, run_after=None
[2024-12-10T01:14:04.245+0000] {processor.py:208} INFO - Processing /opt/airflow/dags/doc_processing_embedding_dag.py took 0.894 seconds
[2024-12-10T01:14:34.543+0000] {processor.py:186} INFO - Started process (PID=188) to work on /opt/airflow/dags/doc_processing_embedding_dag.py
[2024-12-10T01:14:34.546+0000] {processor.py:914} INFO - Processing file /opt/airflow/dags/doc_processing_embedding_dag.py for tasks to queue
[2024-12-10T01:14:34.549+0000] {logging_mixin.py:190} INFO - [2024-12-10T01:14:34.548+0000] {dagbag.py:588} INFO - Filling up the DagBag from /opt/airflow/dags/doc_processing_embedding_dag.py
[2024-12-10T01:14:35.167+0000] {processor.py:925} INFO - DAG(s) 'doc_processing_embedding_dag' retrieved from /opt/airflow/dags/doc_processing_embedding_dag.py
[2024-12-10T01:14:35.197+0000] {logging_mixin.py:190} INFO - [2024-12-10T01:14:35.196+0000] {dag.py:3239} INFO - Sync 1 DAGs
[2024-12-10T01:14:35.216+0000] {logging_mixin.py:190} INFO - [2024-12-10T01:14:35.216+0000] {dag.py:4180} INFO - Setting next_dagrun for doc_processing_embedding_dag to None, run_after=None
[2024-12-10T01:14:35.236+0000] {processor.py:208} INFO - Processing /opt/airflow/dags/doc_processing_embedding_dag.py took 0.698 seconds
[2024-12-10T01:15:05.524+0000] {processor.py:186} INFO - Started process (PID=205) to work on /opt/airflow/dags/doc_processing_embedding_dag.py
[2024-12-10T01:15:05.525+0000] {processor.py:914} INFO - Processing file /opt/airflow/dags/doc_processing_embedding_dag.py for tasks to queue
[2024-12-10T01:15:05.527+0000] {logging_mixin.py:190} INFO - [2024-12-10T01:15:05.527+0000] {dagbag.py:588} INFO - Filling up the DagBag from /opt/airflow/dags/doc_processing_embedding_dag.py
[2024-12-10T01:15:06.080+0000] {processor.py:925} INFO - DAG(s) 'doc_processing_embedding_dag' retrieved from /opt/airflow/dags/doc_processing_embedding_dag.py
[2024-12-10T01:15:06.108+0000] {logging_mixin.py:190} INFO - [2024-12-10T01:15:06.108+0000] {dag.py:3239} INFO - Sync 1 DAGs
[2024-12-10T01:15:06.126+0000] {logging_mixin.py:190} INFO - [2024-12-10T01:15:06.125+0000] {dag.py:4180} INFO - Setting next_dagrun for doc_processing_embedding_dag to None, run_after=None
[2024-12-10T01:15:06.146+0000] {processor.py:208} INFO - Processing /opt/airflow/dags/doc_processing_embedding_dag.py took 0.625 seconds
[2024-12-10T01:15:46.780+0000] {processor.py:186} INFO - Started process (PID=164) to work on /opt/airflow/dags/doc_processing_embedding_dag.py
[2024-12-10T01:15:46.783+0000] {processor.py:914} INFO - Processing file /opt/airflow/dags/doc_processing_embedding_dag.py for tasks to queue
[2024-12-10T01:15:46.785+0000] {logging_mixin.py:190} INFO - [2024-12-10T01:15:46.785+0000] {dagbag.py:588} INFO - Filling up the DagBag from /opt/airflow/dags/doc_processing_embedding_dag.py
[2024-12-10T01:15:47.588+0000] {processor.py:925} INFO - DAG(s) 'doc_processing_embedding_dag' retrieved from /opt/airflow/dags/doc_processing_embedding_dag.py
[2024-12-10T01:15:47.626+0000] {logging_mixin.py:190} INFO - [2024-12-10T01:15:47.625+0000] {dag.py:3239} INFO - Sync 1 DAGs
[2024-12-10T01:15:47.653+0000] {logging_mixin.py:190} INFO - [2024-12-10T01:15:47.653+0000] {dag.py:4180} INFO - Setting next_dagrun for doc_processing_embedding_dag to None, run_after=None
[2024-12-10T01:15:47.682+0000] {processor.py:208} INFO - Processing /opt/airflow/dags/doc_processing_embedding_dag.py took 0.905 seconds
[2024-12-10T01:16:17.928+0000] {processor.py:186} INFO - Started process (PID=188) to work on /opt/airflow/dags/doc_processing_embedding_dag.py
[2024-12-10T01:16:17.929+0000] {processor.py:914} INFO - Processing file /opt/airflow/dags/doc_processing_embedding_dag.py for tasks to queue
[2024-12-10T01:16:17.931+0000] {logging_mixin.py:190} INFO - [2024-12-10T01:16:17.931+0000] {dagbag.py:588} INFO - Filling up the DagBag from /opt/airflow/dags/doc_processing_embedding_dag.py
[2024-12-10T01:16:18.510+0000] {processor.py:925} INFO - DAG(s) 'doc_processing_embedding_dag' retrieved from /opt/airflow/dags/doc_processing_embedding_dag.py
[2024-12-10T01:16:18.536+0000] {logging_mixin.py:190} INFO - [2024-12-10T01:16:18.536+0000] {dag.py:3239} INFO - Sync 1 DAGs
[2024-12-10T01:16:18.555+0000] {logging_mixin.py:190} INFO - [2024-12-10T01:16:18.555+0000] {dag.py:4180} INFO - Setting next_dagrun for doc_processing_embedding_dag to None, run_after=None
[2024-12-10T01:16:18.576+0000] {processor.py:208} INFO - Processing /opt/airflow/dags/doc_processing_embedding_dag.py took 0.651 seconds
[2024-12-10T01:16:58.960+0000] {processor.py:186} INFO - Started process (PID=165) to work on /opt/airflow/dags/doc_processing_embedding_dag.py
[2024-12-10T01:16:58.962+0000] {processor.py:914} INFO - Processing file /opt/airflow/dags/doc_processing_embedding_dag.py for tasks to queue
[2024-12-10T01:16:58.964+0000] {logging_mixin.py:190} INFO - [2024-12-10T01:16:58.964+0000] {dagbag.py:588} INFO - Filling up the DagBag from /opt/airflow/dags/doc_processing_embedding_dag.py
[2024-12-10T01:16:59.837+0000] {processor.py:925} INFO - DAG(s) 'doc_processing_embedding_dag' retrieved from /opt/airflow/dags/doc_processing_embedding_dag.py
[2024-12-10T01:16:59.873+0000] {logging_mixin.py:190} INFO - [2024-12-10T01:16:59.872+0000] {dag.py:3239} INFO - Sync 1 DAGs
[2024-12-10T01:16:59.901+0000] {logging_mixin.py:190} INFO - [2024-12-10T01:16:59.901+0000] {dag.py:4180} INFO - Setting next_dagrun for doc_processing_embedding_dag to None, run_after=None
[2024-12-10T01:16:59.921+0000] {processor.py:208} INFO - Processing /opt/airflow/dags/doc_processing_embedding_dag.py took 0.965 seconds
[2024-12-10T02:41:11.668+0000] {processor.py:186} INFO - Started process (PID=163) to work on /opt/airflow/dags/doc_processing_embedding_dag.py
[2024-12-10T02:41:11.671+0000] {processor.py:914} INFO - Processing file /opt/airflow/dags/doc_processing_embedding_dag.py for tasks to queue
[2024-12-10T02:41:11.674+0000] {logging_mixin.py:190} INFO - [2024-12-10T02:41:11.674+0000] {dagbag.py:588} INFO - Filling up the DagBag from /opt/airflow/dags/doc_processing_embedding_dag.py
[2024-12-10T02:41:12.503+0000] {processor.py:925} INFO - DAG(s) 'doc_processing_embedding_dag' retrieved from /opt/airflow/dags/doc_processing_embedding_dag.py
[2024-12-10T02:41:12.539+0000] {logging_mixin.py:190} INFO - [2024-12-10T02:41:12.539+0000] {dag.py:3239} INFO - Sync 1 DAGs
[2024-12-10T02:41:12.570+0000] {logging_mixin.py:190} INFO - [2024-12-10T02:41:12.570+0000] {dag.py:4180} INFO - Setting next_dagrun for doc_processing_embedding_dag to None, run_after=None
[2024-12-10T02:41:12.593+0000] {processor.py:208} INFO - Processing /opt/airflow/dags/doc_processing_embedding_dag.py took 0.929 seconds
[2024-12-10T02:41:42.952+0000] {processor.py:186} INFO - Started process (PID=168) to work on /opt/airflow/dags/doc_processing_embedding_dag.py
[2024-12-10T02:41:42.955+0000] {processor.py:914} INFO - Processing file /opt/airflow/dags/doc_processing_embedding_dag.py for tasks to queue
[2024-12-10T02:41:42.958+0000] {logging_mixin.py:190} INFO - [2024-12-10T02:41:42.957+0000] {dagbag.py:588} INFO - Filling up the DagBag from /opt/airflow/dags/doc_processing_embedding_dag.py
[2024-12-10T02:41:43.511+0000] {processor.py:925} INFO - DAG(s) 'doc_processing_embedding_dag' retrieved from /opt/airflow/dags/doc_processing_embedding_dag.py
[2024-12-10T02:41:43.540+0000] {logging_mixin.py:190} INFO - [2024-12-10T02:41:43.540+0000] {dag.py:3239} INFO - Sync 1 DAGs
[2024-12-10T02:41:43.560+0000] {logging_mixin.py:190} INFO - [2024-12-10T02:41:43.560+0000] {dag.py:4180} INFO - Setting next_dagrun for doc_processing_embedding_dag to None, run_after=None
[2024-12-10T02:41:43.584+0000] {processor.py:208} INFO - Processing /opt/airflow/dags/doc_processing_embedding_dag.py took 0.639 seconds
[2024-12-10T02:42:13.954+0000] {processor.py:186} INFO - Started process (PID=188) to work on /opt/airflow/dags/doc_processing_embedding_dag.py
[2024-12-10T02:42:13.956+0000] {processor.py:914} INFO - Processing file /opt/airflow/dags/doc_processing_embedding_dag.py for tasks to queue
[2024-12-10T02:42:13.959+0000] {logging_mixin.py:190} INFO - [2024-12-10T02:42:13.959+0000] {dagbag.py:588} INFO - Filling up the DagBag from /opt/airflow/dags/doc_processing_embedding_dag.py
[2024-12-10T02:42:14.574+0000] {processor.py:925} INFO - DAG(s) 'doc_processing_embedding_dag' retrieved from /opt/airflow/dags/doc_processing_embedding_dag.py
[2024-12-10T02:42:14.606+0000] {logging_mixin.py:190} INFO - [2024-12-10T02:42:14.606+0000] {dag.py:3239} INFO - Sync 1 DAGs
[2024-12-10T02:42:14.624+0000] {logging_mixin.py:190} INFO - [2024-12-10T02:42:14.624+0000] {dag.py:4180} INFO - Setting next_dagrun for doc_processing_embedding_dag to None, run_after=None
[2024-12-10T02:42:14.646+0000] {processor.py:208} INFO - Processing /opt/airflow/dags/doc_processing_embedding_dag.py took 0.699 seconds
[2024-12-10T02:42:50.895+0000] {processor.py:186} INFO - Started process (PID=163) to work on /opt/airflow/dags/doc_processing_embedding_dag.py
[2024-12-10T02:42:50.896+0000] {processor.py:914} INFO - Processing file /opt/airflow/dags/doc_processing_embedding_dag.py for tasks to queue
[2024-12-10T02:42:50.898+0000] {logging_mixin.py:190} INFO - [2024-12-10T02:42:50.898+0000] {dagbag.py:588} INFO - Filling up the DagBag from /opt/airflow/dags/doc_processing_embedding_dag.py
[2024-12-10T02:42:51.669+0000] {processor.py:925} INFO - DAG(s) 'doc_processing_embedding_dag' retrieved from /opt/airflow/dags/doc_processing_embedding_dag.py
[2024-12-10T02:42:51.702+0000] {logging_mixin.py:190} INFO - [2024-12-10T02:42:51.702+0000] {dag.py:3239} INFO - Sync 1 DAGs
[2024-12-10T02:42:51.730+0000] {logging_mixin.py:190} INFO - [2024-12-10T02:42:51.730+0000] {dag.py:4180} INFO - Setting next_dagrun for doc_processing_embedding_dag to None, run_after=None
[2024-12-10T02:42:51.750+0000] {processor.py:208} INFO - Processing /opt/airflow/dags/doc_processing_embedding_dag.py took 0.859 seconds
