[2024-12-10T01:01:14.217+0000] {manager.py:483} INFO - Processing files using up to 2 processes at a time 
[2024-12-10T01:01:14.218+0000] {manager.py:484} INFO - Process each file at most once every 30 seconds
[2024-12-10T01:01:14.219+0000] {manager.py:485} INFO - Checking for new files in /opt/airflow/dags every 300 seconds
[2024-12-10T01:01:14.221+0000] {manager.py:821} INFO - Searching for files in /opt/airflow/dags
[2024-12-10T01:01:14.257+0000] {manager.py:824} INFO - There are 1 files in /opt/airflow/dags
[2024-12-10T01:01:14.370+0000] {manager.py:997} INFO - 
================================================================================
DAG File Processing Stats

File Path                                            PID  Runtime      # DAGs    # Errors  Last Runtime    Last Run      Last # of DB Queries
-------------------------------------------------  -----  ---------  --------  ----------  --------------  ----------  ----------------------
/opt/airflow/dags/doc_processing_embedding_dag.py    163  0.02s             0           0                                                   0
================================================================================
[2024-12-10T01:01:44.451+0000] {manager.py:997} INFO - 
================================================================================
DAG File Processing Stats

File Path                                          PID    Runtime      # DAGs    # Errors  Last Runtime    Last Run               Last # of DB Queries
-------------------------------------------------  -----  ---------  --------  ----------  --------------  -------------------  ----------------------
/opt/airflow/dags/doc_processing_embedding_dag.py                           1           0  0.91s           2024-12-10T01:01:15                      10
================================================================================
[2024-12-10T01:01:59.473+0000] {manager.py:465} INFO - Exiting gracefully upon receiving signal 15
[2024-12-10T01:02:22.794+0000] {manager.py:483} INFO - Processing files using up to 2 processes at a time 
[2024-12-10T01:02:22.800+0000] {manager.py:484} INFO - Process each file at most once every 30 seconds
[2024-12-10T01:02:22.803+0000] {manager.py:485} INFO - Checking for new files in /opt/airflow/dags every 300 seconds
[2024-12-10T01:02:22.806+0000] {manager.py:821} INFO - Searching for files in /opt/airflow/dags
[2024-12-10T01:02:22.869+0000] {manager.py:824} INFO - There are 1 files in /opt/airflow/dags
[2024-12-10T01:02:22.984+0000] {manager.py:997} INFO - 
================================================================================
DAG File Processing Stats

File Path                                            PID  Runtime      # DAGs    # Errors  Last Runtime    Last Run      Last # of DB Queries
-------------------------------------------------  -----  ---------  --------  ----------  --------------  ----------  ----------------------
/opt/airflow/dags/doc_processing_embedding_dag.py    163  0.02s             0           0                                                   0
================================================================================
[2024-12-10T01:02:53.187+0000] {manager.py:997} INFO - 
================================================================================
DAG File Processing Stats

File Path                                          PID    Runtime      # DAGs    # Errors  Last Runtime    Last Run               Last # of DB Queries
-------------------------------------------------  -----  ---------  --------  ----------  --------------  -------------------  ----------------------
/opt/airflow/dags/doc_processing_embedding_dag.py                           1           0  0.96s           2024-12-10T01:02:23                      10
================================================================================
[2024-12-10T01:03:23.252+0000] {manager.py:997} INFO - 
================================================================================
DAG File Processing Stats

File Path                                          PID    Runtime      # DAGs    # Errors  Last Runtime    Last Run               Last # of DB Queries
-------------------------------------------------  -----  ---------  --------  ----------  --------------  -------------------  ----------------------
/opt/airflow/dags/doc_processing_embedding_dag.py                           1           0  0.69s           2024-12-10T01:02:54                      10
================================================================================
[2024-12-10T01:03:53.269+0000] {manager.py:997} INFO - 
================================================================================
DAG File Processing Stats

File Path                                          PID    Runtime      # DAGs    # Errors  Last Runtime    Last Run               Last # of DB Queries
-------------------------------------------------  -----  ---------  --------  ----------  --------------  -------------------  ----------------------
/opt/airflow/dags/doc_processing_embedding_dag.py                           1           0  0.66s           2024-12-10T01:03:25                      10
================================================================================
[2024-12-10T01:04:24.043+0000] {manager.py:997} INFO - 
================================================================================
DAG File Processing Stats

File Path                                          PID    Runtime      # DAGs    # Errors  Last Runtime    Last Run               Last # of DB Queries
-------------------------------------------------  -----  ---------  --------  ----------  --------------  -------------------  ----------------------
/opt/airflow/dags/doc_processing_embedding_dag.py                           1           0  0.68s           2024-12-10T01:03:56                      10
================================================================================
[2024-12-10T01:04:35.653+0000] {manager.py:465} INFO - Exiting gracefully upon receiving signal 15
[2024-12-10T01:04:59.979+0000] {manager.py:483} INFO - Processing files using up to 2 processes at a time 
[2024-12-10T01:04:59.980+0000] {manager.py:484} INFO - Process each file at most once every 30 seconds
[2024-12-10T01:04:59.981+0000] {manager.py:485} INFO - Checking for new files in /opt/airflow/dags every 300 seconds
[2024-12-10T01:04:59.982+0000] {manager.py:821} INFO - Searching for files in /opt/airflow/dags
[2024-12-10T01:05:00.011+0000] {manager.py:824} INFO - There are 1 files in /opt/airflow/dags
[2024-12-10T01:05:00.104+0000] {manager.py:997} INFO - 
================================================================================
DAG File Processing Stats

File Path                                            PID  Runtime      # DAGs    # Errors  Last Runtime    Last Run      Last # of DB Queries
-------------------------------------------------  -----  ---------  --------  ----------  --------------  ----------  ----------------------
/opt/airflow/dags/doc_processing_embedding_dag.py    163  0.02s             0           0                                                   0
================================================================================
[2024-12-10T01:05:30.257+0000] {manager.py:997} INFO - 
================================================================================
DAG File Processing Stats

File Path                                          PID    Runtime      # DAGs    # Errors  Last Runtime    Last Run               Last # of DB Queries
-------------------------------------------------  -----  ---------  --------  ----------  --------------  -------------------  ----------------------
/opt/airflow/dags/doc_processing_embedding_dag.py                           1           0  0.97s           2024-12-10T01:05:01                      10
================================================================================
[2024-12-10T01:06:00.276+0000] {manager.py:997} INFO - 
================================================================================
DAG File Processing Stats

File Path                                          PID    Runtime      # DAGs    # Errors  Last Runtime    Last Run               Last # of DB Queries
-------------------------------------------------  -----  ---------  --------  ----------  --------------  -------------------  ----------------------
/opt/airflow/dags/doc_processing_embedding_dag.py                           1           0  0.68s           2024-12-10T01:05:31                      10
================================================================================
[2024-12-10T01:06:30.324+0000] {manager.py:997} INFO - 
================================================================================
DAG File Processing Stats

File Path                                          PID    Runtime      # DAGs    # Errors  Last Runtime    Last Run               Last # of DB Queries
-------------------------------------------------  -----  ---------  --------  ----------  --------------  -------------------  ----------------------
/opt/airflow/dags/doc_processing_embedding_dag.py                           1           0  0.68s           2024-12-10T01:06:03                      10
================================================================================
[2024-12-10T01:07:01.128+0000] {manager.py:997} INFO - 
================================================================================
DAG File Processing Stats

File Path                                          PID    Runtime      # DAGs    # Errors  Last Runtime    Last Run               Last # of DB Queries
-------------------------------------------------  -----  ---------  --------  ----------  --------------  -------------------  ----------------------
/opt/airflow/dags/doc_processing_embedding_dag.py                           1           0  0.65s           2024-12-10T01:06:34                      10
================================================================================
[2024-12-10T01:07:31.167+0000] {manager.py:997} INFO - 
================================================================================
DAG File Processing Stats

File Path                                          PID    Runtime      # DAGs    # Errors  Last Runtime    Last Run               Last # of DB Queries
-------------------------------------------------  -----  ---------  --------  ----------  --------------  -------------------  ----------------------
/opt/airflow/dags/doc_processing_embedding_dag.py                           1           0  0.59s           2024-12-10T01:07:04                      10
================================================================================
[2024-12-10T01:08:01.227+0000] {manager.py:997} INFO - 
================================================================================
DAG File Processing Stats

File Path                                          PID    Runtime      # DAGs    # Errors  Last Runtime    Last Run               Last # of DB Queries
-------------------------------------------------  -----  ---------  --------  ----------  --------------  -------------------  ----------------------
/opt/airflow/dags/doc_processing_embedding_dag.py                           1           0  0.69s           2024-12-10T01:07:35                      10
================================================================================
[2024-12-10T01:08:32.210+0000] {manager.py:997} INFO - 
================================================================================
DAG File Processing Stats

File Path                                          PID    Runtime      # DAGs    # Errors  Last Runtime    Last Run               Last # of DB Queries
-------------------------------------------------  -----  ---------  --------  ----------  --------------  -------------------  ----------------------
/opt/airflow/dags/doc_processing_embedding_dag.py                           1           0  0.69s           2024-12-10T01:08:06                      10
================================================================================
[2024-12-10T01:08:58.147+0000] {manager.py:465} INFO - Exiting gracefully upon receiving signal 15
[2024-12-10T01:09:24.113+0000] {manager.py:483} INFO - Processing files using up to 2 processes at a time 
[2024-12-10T01:09:24.115+0000] {manager.py:484} INFO - Process each file at most once every 30 seconds
[2024-12-10T01:09:24.115+0000] {manager.py:485} INFO - Checking for new files in /opt/airflow/dags every 300 seconds
[2024-12-10T01:09:24.116+0000] {manager.py:821} INFO - Searching for files in /opt/airflow/dags
[2024-12-10T01:09:24.149+0000] {manager.py:824} INFO - There are 1 files in /opt/airflow/dags
[2024-12-10T01:09:24.255+0000] {manager.py:997} INFO - 
================================================================================
DAG File Processing Stats

File Path                                            PID  Runtime      # DAGs    # Errors  Last Runtime    Last Run      Last # of DB Queries
-------------------------------------------------  -----  ---------  --------  ----------  --------------  ----------  ----------------------
/opt/airflow/dags/doc_processing_embedding_dag.py    163  0.02s             0           0                                                   0
================================================================================
[2024-12-10T01:09:54.456+0000] {manager.py:997} INFO - 
================================================================================
DAG File Processing Stats

File Path                                          PID    Runtime      # DAGs    # Errors  Last Runtime    Last Run               Last # of DB Queries
-------------------------------------------------  -----  ---------  --------  ----------  --------------  -------------------  ----------------------
/opt/airflow/dags/doc_processing_embedding_dag.py                           1           0  0.97s           2024-12-10T01:09:25                      10
================================================================================
[2024-12-10T01:10:24.461+0000] {manager.py:997} INFO - 
================================================================================
DAG File Processing Stats

File Path                                          PID    Runtime      # DAGs    # Errors  Last Runtime    Last Run               Last # of DB Queries
-------------------------------------------------  -----  ---------  --------  ----------  --------------  -------------------  ----------------------
/opt/airflow/dags/doc_processing_embedding_dag.py                           1           0  0.65s           2024-12-10T01:09:56                      10
================================================================================
[2024-12-10T01:10:54.501+0000] {manager.py:997} INFO - 
================================================================================
DAG File Processing Stats

File Path                                          PID    Runtime      # DAGs    # Errors  Last Runtime    Last Run               Last # of DB Queries
-------------------------------------------------  -----  ---------  --------  ----------  --------------  -------------------  ----------------------
/opt/airflow/dags/doc_processing_embedding_dag.py                           1           0  0.66s           2024-12-10T01:10:27                      10
================================================================================
[2024-12-10T01:11:24.826+0000] {manager.py:997} INFO - 
================================================================================
DAG File Processing Stats

File Path                                          PID    Runtime      # DAGs    # Errors  Last Runtime    Last Run               Last # of DB Queries
-------------------------------------------------  -----  ---------  --------  ----------  --------------  -------------------  ----------------------
/opt/airflow/dags/doc_processing_embedding_dag.py                           1           0  0.67s           2024-12-10T01:10:57                      10
================================================================================
[2024-12-10T01:11:55.203+0000] {manager.py:997} INFO - 
================================================================================
DAG File Processing Stats

File Path                                          PID    Runtime      # DAGs    # Errors  Last Runtime    Last Run               Last # of DB Queries
-------------------------------------------------  -----  ---------  --------  ----------  --------------  -------------------  ----------------------
/opt/airflow/dags/doc_processing_embedding_dag.py                           1           0  0.57s           2024-12-10T01:11:28                      10
================================================================================
[2024-12-10T01:12:25.208+0000] {manager.py:997} INFO - 
================================================================================
DAG File Processing Stats

File Path                                          PID    Runtime      # DAGs    # Errors  Last Runtime    Last Run               Last # of DB Queries
-------------------------------------------------  -----  ---------  --------  ----------  --------------  -------------------  ----------------------
/opt/airflow/dags/doc_processing_embedding_dag.py                           1           0  0.67s           2024-12-10T01:11:59                      10
================================================================================
[2024-12-10T01:12:25.702+0000] {manager.py:465} INFO - Exiting gracefully upon receiving signal 15
[2024-12-10T01:14:03.224+0000] {manager.py:483} INFO - Processing files using up to 2 processes at a time 
[2024-12-10T01:14:03.225+0000] {manager.py:484} INFO - Process each file at most once every 30 seconds
[2024-12-10T01:14:03.226+0000] {manager.py:485} INFO - Checking for new files in /opt/airflow/dags every 300 seconds
[2024-12-10T01:14:03.227+0000] {manager.py:821} INFO - Searching for files in /opt/airflow/dags
[2024-12-10T01:14:03.260+0000] {manager.py:824} INFO - There are 1 files in /opt/airflow/dags
[2024-12-10T01:14:03.361+0000] {manager.py:997} INFO - 
================================================================================
DAG File Processing Stats

File Path                                            PID  Runtime      # DAGs    # Errors  Last Runtime    Last Run      Last # of DB Queries
-------------------------------------------------  -----  ---------  --------  ----------  --------------  ----------  ----------------------
/opt/airflow/dags/doc_processing_embedding_dag.py    164  0.02s             0           0                                                   0
================================================================================
[2024-12-10T01:14:33.490+0000] {manager.py:997} INFO - 
================================================================================
DAG File Processing Stats

File Path                                          PID    Runtime      # DAGs    # Errors  Last Runtime    Last Run               Last # of DB Queries
-------------------------------------------------  -----  ---------  --------  ----------  --------------  -------------------  ----------------------
/opt/airflow/dags/doc_processing_embedding_dag.py                           1           0  0.92s           2024-12-10T01:14:04                      10
================================================================================
[2024-12-10T01:15:03.501+0000] {manager.py:997} INFO - 
================================================================================
DAG File Processing Stats

File Path                                          PID    Runtime      # DAGs    # Errors  Last Runtime    Last Run               Last # of DB Queries
-------------------------------------------------  -----  ---------  --------  ----------  --------------  -------------------  ----------------------
/opt/airflow/dags/doc_processing_embedding_dag.py                           1           0  0.74s           2024-12-10T01:14:35                      10
================================================================================
[2024-12-10T01:15:22.739+0000] {manager.py:465} INFO - Exiting gracefully upon receiving signal 15
[2024-12-10T01:15:46.652+0000] {manager.py:483} INFO - Processing files using up to 2 processes at a time 
[2024-12-10T01:15:46.653+0000] {manager.py:484} INFO - Process each file at most once every 30 seconds
[2024-12-10T01:15:46.654+0000] {manager.py:485} INFO - Checking for new files in /opt/airflow/dags every 300 seconds
[2024-12-10T01:15:46.655+0000] {manager.py:821} INFO - Searching for files in /opt/airflow/dags
[2024-12-10T01:15:46.692+0000] {manager.py:824} INFO - There are 1 files in /opt/airflow/dags
[2024-12-10T01:15:46.794+0000] {manager.py:997} INFO - 
================================================================================
DAG File Processing Stats

File Path                                            PID  Runtime      # DAGs    # Errors  Last Runtime    Last Run      Last # of DB Queries
-------------------------------------------------  -----  ---------  --------  ----------  --------------  ----------  ----------------------
/opt/airflow/dags/doc_processing_embedding_dag.py    164  0.02s             0           0                                                   0
================================================================================
[2024-12-10T01:16:16.905+0000] {manager.py:997} INFO - 
================================================================================
DAG File Processing Stats

File Path                                          PID    Runtime      # DAGs    # Errors  Last Runtime    Last Run               Last # of DB Queries
-------------------------------------------------  -----  ---------  --------  ----------  --------------  -------------------  ----------------------
/opt/airflow/dags/doc_processing_embedding_dag.py                           1           0  0.94s           2024-12-10T01:15:47                      10
================================================================================
[2024-12-10T01:16:35.998+0000] {manager.py:465} INFO - Exiting gracefully upon receiving signal 15
[2024-12-10T01:16:58.815+0000] {manager.py:483} INFO - Processing files using up to 2 processes at a time 
[2024-12-10T01:16:58.816+0000] {manager.py:484} INFO - Process each file at most once every 30 seconds
[2024-12-10T01:16:58.817+0000] {manager.py:485} INFO - Checking for new files in /opt/airflow/dags every 300 seconds
[2024-12-10T01:16:58.818+0000] {manager.py:821} INFO - Searching for files in /opt/airflow/dags
[2024-12-10T01:16:58.863+0000] {manager.py:824} INFO - There are 1 files in /opt/airflow/dags
[2024-12-10T01:16:58.966+0000] {manager.py:997} INFO - 
================================================================================
DAG File Processing Stats

File Path                                            PID  Runtime      # DAGs    # Errors  Last Runtime    Last Run      Last # of DB Queries
-------------------------------------------------  -----  ---------  --------  ----------  --------------  ----------  ----------------------
/opt/airflow/dags/doc_processing_embedding_dag.py    165  0.02s             0           0                                                   0
================================================================================
[2024-12-10T01:17:01.900+0000] {manager.py:465} INFO - Exiting gracefully upon receiving signal 15
[2024-12-10T02:41:11.534+0000] {manager.py:483} INFO - Processing files using up to 2 processes at a time 
[2024-12-10T02:41:11.535+0000] {manager.py:484} INFO - Process each file at most once every 30 seconds
[2024-12-10T02:41:11.536+0000] {manager.py:485} INFO - Checking for new files in /opt/airflow/dags every 300 seconds
[2024-12-10T02:41:11.537+0000] {manager.py:821} INFO - Searching for files in /opt/airflow/dags
[2024-12-10T02:41:11.574+0000] {manager.py:824} INFO - There are 1 files in /opt/airflow/dags
[2024-12-10T02:41:11.676+0000] {manager.py:997} INFO - 
================================================================================
DAG File Processing Stats

File Path                                            PID  Runtime      # DAGs    # Errors  Last Runtime    Last Run      Last # of DB Queries
-------------------------------------------------  -----  ---------  --------  ----------  --------------  ----------  ----------------------
/opt/airflow/dags/doc_processing_embedding_dag.py    163  0.03s             0           0                                                   0
================================================================================
[2024-12-10T02:41:41.886+0000] {manager.py:997} INFO - 
================================================================================
DAG File Processing Stats

File Path                                          PID    Runtime      # DAGs    # Errors  Last Runtime    Last Run               Last # of DB Queries
-------------------------------------------------  -----  ---------  --------  ----------  --------------  -------------------  ----------------------
/opt/airflow/dags/doc_processing_embedding_dag.py                           1           0  0.96s           2024-12-10T02:41:12                      10
================================================================================
[2024-12-10T02:42:12.180+0000] {manager.py:997} INFO - 
================================================================================
DAG File Processing Stats

File Path                                          PID    Runtime      # DAGs    # Errors  Last Runtime    Last Run               Last # of DB Queries
-------------------------------------------------  -----  ---------  --------  ----------  --------------  -------------------  ----------------------
/opt/airflow/dags/doc_processing_embedding_dag.py                           1           0  0.69s           2024-12-10T02:41:43                      10
================================================================================
[2024-12-10T02:42:27.023+0000] {manager.py:465} INFO - Exiting gracefully upon receiving signal 15
[2024-12-10T02:42:50.766+0000] {manager.py:483} INFO - Processing files using up to 2 processes at a time 
[2024-12-10T02:42:50.769+0000] {manager.py:484} INFO - Process each file at most once every 30 seconds
[2024-12-10T02:42:50.772+0000] {manager.py:485} INFO - Checking for new files in /opt/airflow/dags every 300 seconds
[2024-12-10T02:42:50.773+0000] {manager.py:821} INFO - Searching for files in /opt/airflow/dags
[2024-12-10T02:42:50.810+0000] {manager.py:824} INFO - There are 1 files in /opt/airflow/dags
[2024-12-10T02:42:50.903+0000] {manager.py:997} INFO - 
================================================================================
DAG File Processing Stats

File Path                                            PID  Runtime      # DAGs    # Errors  Last Runtime    Last Run      Last # of DB Queries
-------------------------------------------------  -----  ---------  --------  ----------  --------------  ----------  ----------------------
/opt/airflow/dags/doc_processing_embedding_dag.py    163  0.02s             0           0                                                   0
================================================================================
[2024-12-10T02:43:02.534+0000] {manager.py:465} INFO - Exiting gracefully upon receiving signal 15
