[2024-12-10T01:05:23.983+0000] {local_task_job_runner.py:123} INFO - ::group::Pre task execution logs
[2024-12-10T01:05:24.026+0000] {taskinstance.py:2613} INFO - Dependencies all met for dep_context=non-requeueable deps ti=<TaskInstance: doc_processing_embedding_dag.create_class manual__2024-12-10T01:05:17.598718+00:00 [queued]>
[2024-12-10T01:05:24.036+0000] {taskinstance.py:2613} INFO - Dependencies all met for dep_context=requeueable deps ti=<TaskInstance: doc_processing_embedding_dag.create_class manual__2024-12-10T01:05:17.598718+00:00 [queued]>
[2024-12-10T01:05:24.037+0000] {taskinstance.py:2866} INFO - Starting attempt 1 of 1
[2024-12-10T01:05:24.048+0000] {taskinstance.py:2889} INFO - Executing <Task(_PythonDecoratedOperator): create_class> on 2024-12-10 01:05:17.598718+00:00
[2024-12-10T01:05:24.054+0000] {logging_mixin.py:190} WARNING - /home/***/.local/lib/python3.12/site-packages/***/task/task_runner/standard_task_runner.py:70 DeprecationWarning: This process (pid=175) is multi-threaded, use of fork() may lead to deadlocks in the child.
[2024-12-10T01:05:24.056+0000] {standard_task_runner.py:104} INFO - Running: ['***', 'tasks', 'run', 'doc_processing_embedding_dag', 'create_class', 'manual__2024-12-10T01:05:17.598718+00:00', '--job-id', '47', '--raw', '--subdir', 'DAGS_FOLDER/doc_processing_embedding_dag.py', '--cfg-path', '/tmp/tmp1kcyf_hn']
[2024-12-10T01:05:24.058+0000] {standard_task_runner.py:72} INFO - Started process 176 to run task
[2024-12-10T01:05:24.059+0000] {standard_task_runner.py:105} INFO - Job 47: Subtask create_class
[2024-12-10T01:05:24.080+0000] {logging_mixin.py:190} WARNING - /home/***/.local/lib/python3.12/site-packages/***/settings.py:209 DeprecationWarning: The sql_alchemy_conn option in [core] has been moved to the sql_alchemy_conn option in [database] - the old setting has been used, but please update your config.
[2024-12-10T01:05:24.236+0000] {task_command.py:467} INFO - Running <TaskInstance: doc_processing_embedding_dag.create_class manual__2024-12-10T01:05:17.598718+00:00 [running]> on host 4c485aeb305c
[2024-12-10T01:05:24.351+0000] {taskinstance.py:3132} INFO - Exporting env vars: AIRFLOW_CTX_DAG_OWNER='***' AIRFLOW_CTX_DAG_ID='doc_processing_embedding_dag' AIRFLOW_CTX_TASK_ID='create_class' AIRFLOW_CTX_EXECUTION_DATE='2024-12-10T01:05:17.598718+00:00' AIRFLOW_CTX_TRY_NUMBER='1' AIRFLOW_CTX_DAG_RUN_ID='manual__2024-12-10T01:05:17.598718+00:00'
[2024-12-10T01:05:24.353+0000] {taskinstance.py:731} INFO - ::endgroup::
[2024-12-10T01:05:24.354+0000] {logging_mixin.py:190} INFO - Creating a new class in ChromaDB...
[2024-12-10T01:05:24.355+0000] {python.py:240} INFO - Done. Returned value was: True
[2024-12-10T01:05:24.407+0000] {taskinstance.py:340} INFO - ::group::Post task execution logs
[2024-12-10T01:05:24.408+0000] {taskinstance.py:352} INFO - Marking task as SUCCESS. dag_id=doc_processing_embedding_dag, task_id=create_class, run_id=manual__2024-12-10T01:05:17.598718+00:00, execution_date=20241210T010517, start_date=20241210T010524, end_date=20241210T010524
[2024-12-10T01:05:24.440+0000] {local_task_job_runner.py:266} INFO - Task exited with return code 0
[2024-12-10T01:05:24.545+0000] {taskinstance.py:3895} INFO - 1 downstream tasks scheduled from follow-on schedule check
[2024-12-10T01:05:24.548+0000] {local_task_job_runner.py:245} INFO - ::endgroup::
